[debug] [2022-12-10T22:58:03.897Z] ----------------------------------------------------------------------
[debug] [2022-12-10T22:58:03.899Z] Command:       C:\Program Files\nodejs\node.exe C:\Users\emanu\AppData\Roaming\npm\node_modules\firebase-tools\lib\bin\firebase.js init
[debug] [2022-12-10T22:58:03.900Z] CLI Version:   11.17.0
[debug] [2022-12-10T22:58:03.900Z] Platform:      win32
[debug] [2022-12-10T22:58:03.900Z] Node Version:  v16.18.0
[debug] [2022-12-10T22:58:03.901Z] Time:          Sat Dec 10 2022 19:58:03 GMT-0300 (hora estándar de Argentina)
[debug] [2022-12-10T22:58:03.902Z] ----------------------------------------------------------------------
[debug] 
[debug] [2022-12-10T22:58:04.006Z] > command requires scopes: ["email","openid","https://www.googleapis.com/auth/cloudplatformprojects.readonly","https://www.googleapis.com/auth/firebase","https://www.googleapis.com/auth/cloud-platform"]
[debug] [2022-12-10T22:58:04.006Z] > authorizing via signed-in user (emanuel2318@gmail.com)
[info] 
     ######## #### ########  ######## ########     ###     ######  ########
     ##        ##  ##     ## ##       ##     ##  ##   ##  ##       ##
     ######    ##  ########  ######   ########  #########  ######  ######
     ##        ##  ##    ##  ##       ##     ## ##     ##       ## ##
     ##       #### ##     ## ######## ########  ##     ##  ######  ########

You're about to initialize a Firebase project in this directory:

  C:\Users\emanu\OneDrive\Documentos\Repositorios\invitacion-18

Before we get started, keep in mind:

  * You are initializing within an existing Firebase project directory

[info] 
=== Project Setup
[info] 
[info] First, let's associate this project directory with a Firebase project.
[info] You can create multiple project aliases by running firebase use --add, 
[info] but for now we'll just set up a default project.
[info] 
[debug] [2022-12-10T22:58:17.564Z] Using project from CLI flag: invitacion18-941ac
[debug] [2022-12-10T22:58:17.566Z] >>> [apiv2][query] GET https://firebase.googleapis.com/v1beta1/projects/invitacion18-941ac [none]
[debug] [2022-12-10T22:58:17.972Z] <<< [apiv2][status] GET https://firebase.googleapis.com/v1beta1/projects/invitacion18-941ac 200
[debug] [2022-12-10T22:58:17.972Z] <<< [apiv2][body] GET https://firebase.googleapis.com/v1beta1/projects/invitacion18-941ac {"projectId":"invitacion18-941ac","projectNumber":"865309847554","displayName":"invitacion18","name":"projects/invitacion18-941ac","resources":{"hostingSite":"invitacion18-941ac"},"state":"ACTIVE","etag":"1_2b46fe4f-b12d-4093-b2e7-4c278da2ac01"}
[info] i  Using project invitacion18-941ac (invitacion18) 
[info] 
=== Hosting Setup
[info] 
[info] Your public directory is the folder (relative to your project directory) that
[info] will contain Hosting assets to be uploaded with firebase deploy. If you
[info] have a build process for your assets, use your build's output directory.
[info] 
[debug] [2022-12-10T22:58:30.178Z] >>> [apiv2][query] GET https://www.gstatic.com/firebasejs/releases.json [none]
[debug] [2022-12-10T22:58:30.246Z] <<< [apiv2][status] GET https://www.gstatic.com/firebasejs/releases.json 200
[debug] [2022-12-10T22:58:30.246Z] <<< [apiv2][body] GET https://www.gstatic.com/firebasejs/releases.json {"current":{"version":"9.15.0","browserURL":"https://www.gstatic.com/firebasejs/9.15.0/firebase.js","packageURL":"https://www.gstatic.com/firebasejs/9.15.0/firebase.tgz"},"live":{"version":"9.15","browserURL":"https://www.gstatic.com/firebasejs/live/9.15/firebase.js","packageURL":"https://www.gstatic.com/firebasejs/live/9.15/firebase.tgz"},"components":{"analytics":"https://www.gstatic.com/firebasejs/9.15.0/firebase-analytics.js","app":"https://www.gstatic.com/firebasejs/9.15.0/firebase-app.js","app-check":"https://www.gstatic.com/firebasejs/9.15.0/firebase-app-check.js","auth":"https://www.gstatic.com/firebasejs/9.15.0/firebase-auth.js","auth/cordova":"https://www.gstatic.com/firebasejs/9.15.0/firebase-auth/cordova.js","auth/react-native":"https://www.gstatic.com/firebasejs/9.15.0/firebase-auth/react-native.js","functions":"https://www.gstatic.com/firebasejs/9.15.0/firebase-functions.js","firestore":"https://www.gstatic.com/firebasejs/9.15.0/firebase-firestore.js","firestore/lite":"https://www.gstatic.com/firebasejs/9.15.0/firebase-firestore/lite.js","installations":"https://www.gstatic.com/firebasejs/9.15.0/firebase-installations.js","storage":"https://www.gstatic.com/firebasejs/9.15.0/firebase-storage.js","performance":"https://www.gstatic.com/firebasejs/9.15.0/firebase-performance.js","remote-config":"https://www.gstatic.com/firebasejs/9.15.0/firebase-remote-config.js","messaging":"https://www.gstatic.com/firebasejs/9.15.0/firebase-messaging.js","messaging/sw":"https://www.gstatic.com/firebasejs/9.15.0/firebase-messaging/sw.js","database":"https://www.gstatic.com/firebasejs/9.15.0/firebase-database.js","firestore.memory":"https://www.gstatic.com/firebasejs/9.15.0/firebase-firestore.memory.js"}}
[info] +  Wrote y/index.html 
[info] 
[info] i  Didn't detect a .git folder. Assuming C:\Users\emanu\OneDrive\Documentos\Repositorios\invitacion-18 is the project root. 
[info] i  Authorizing with GitHub to upload your service account to a GitHub repository's secrets store. 
[info] 
[info] Visit this URL on this device to log in:
[info] https://github.com/login/oauth/authorize?client_id=89cf50f02ac6aaed3484&state=130998257&redirect_uri=http%3A%2F%2Flocalhost%3A9005&scope=read%3Auser%20repo%20public_repo
[info] 
[info] Waiting for authentication...
[debug] [2022-12-10T22:58:41.963Z] >>> [apiv2][query] POST https://github.com/login/oauth/access_token [none]
[debug] [2022-12-10T22:58:41.963Z] >>> [apiv2][body] POST https://github.com/login/oauth/access_token [stream]
[debug] [2022-12-10T22:58:42.355Z] <<< [apiv2][status] POST https://github.com/login/oauth/access_token 200
[debug] [2022-12-10T22:58:42.356Z] <<< [apiv2][body] POST https://github.com/login/oauth/access_token {"access_token":"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","token_type":"bearer","scope":"read:user,repo"}
[debug] [2022-12-10T22:58:42.362Z] >>> [apiv2][query] GET https://api.github.com/user [none]
[debug] [2022-12-10T22:58:42.753Z] <<< [apiv2][status] GET https://api.github.com/user 200
[debug] [2022-12-10T22:58:42.753Z] <<< [apiv2][body] GET https://api.github.com/user {"login":"emanuelvelasquez","id":48690098,"node_id":"MDQ6VXNlcjQ4NjkwMDk4","avatar_url":"https://avatars.githubusercontent.com/u/48690098?v=4","gravatar_id":"","url":"https://api.github.com/users/emanuelvelasquez","html_url":"https://github.com/emanuelvelasquez","followers_url":"https://api.github.com/users/emanuelvelasquez/followers","following_url":"https://api.github.com/users/emanuelvelasquez/following{/other_user}","gists_url":"https://api.github.com/users/emanuelvelasquez/gists{/gist_id}","starred_url":"https://api.github.com/users/emanuelvelasquez/starred{/owner}{/repo}","subscriptions_url":"https://api.github.com/users/emanuelvelasquez/subscriptions","organizations_url":"https://api.github.com/users/emanuelvelasquez/orgs","repos_url":"https://api.github.com/users/emanuelvelasquez/repos","events_url":"https://api.github.com/users/emanuelvelasquez/events{/privacy}","received_events_url":"https://api.github.com/users/emanuelvelasquez/received_events","type":"User","site_admin":false,"name":"Emanuel Velasquez","company":null,"blog":"","location":null,"email":null,"hireable":null,"bio":null,"twitter_username":null,"public_repos":8,"public_gists":0,"followers":0,"following":0,"created_at":"2019-03-18T16:58:31Z","updated_at":"2022-10-31T00:05:24Z","private_gists":0,"total_private_repos":15,"owned_private_repos":15,"disk_usage":54639,"collaborators":2,"two_factor_authentication":false,"plan":{"name":"free","space":976562499,"collaborators":0,"private_repos":10000}}
[info] 
[info] +  Success! Logged into GitHub as emanuelvelasquez 
[info] 
